<?xml version="1.0" encoding="UTF-8" ?>
<testsuite tests="3" failures="3" name="TestSuite" time="32.597" errors="0" skipped="0">
  <properties>
[...]
</properties>
  <testcase classname="pages.HomePageTest" name="clickMeniButton" time="11.05">
    <failure message="An element could not be located on the page using the given search parameters. (WARNING: The server did not provide any stacktrace information)
Command duration or timeout: 11.04 seconds
For documentation on this error, please visit: http://seleniumhq.org/exceptions/no_such_element.html
Build info: version: &apos;2.53.1&apos;, revision: &apos;a36b8b1cd5757287168e54b817830adce9b0158d&apos;, time: &apos;2016-06-30 19:26:09&apos;
System info: host: &apos;Muhtasims-MBP.fios-router.home&apos;, ip: &apos;192.168.1.170&apos;, os.name: &apos;Mac OS X&apos;, os.arch: &apos;x86_64&apos;, os.version: &apos;10.14.4&apos;, java.version: &apos;1.8.0_201&apos;
Driver info: io.appium.java_client.android.AndroidDriver
Capabilities [{app=/Users/muhtasimmahir/IdeaProjects/Mobile_Automation/ABC/app/abc.apk, appPackage=com.abc.abcnews, deviceScreenSize=720x1280, networkConnectionEnabled=true, noReset=true, warnings={}, appWaitPackage=com.abc.abcnews, appWaitActivity=com.abc.abcnews.ui.StartActivity, databaseEnabled=false, deviceName=emulator-5556, platform=LINUX, deviceUDID=emulator-5556, appActivity=com.abc.abcnews.ui.StartActivity, desired={app=/Users/muhtasimmahir/IdeaProjects/Mobile_Automation/ABC/app/abc.apk, noReset=true, platformVersion=9, platformName=Android, deviceName=Android Emulator}, platformVersion=9, webStorageEnabled=false, locationContextEnabled=false, takesScreenshot=true, javascriptEnabled=true, deviceModel=Android SDK built for x86, platformName=Android, deviceManufacturer=Google}]
Session ID: 33d35a4f-04bc-47f2-8654-4c5f9414e506
*** Element info: {Using=xpath, value=//android.widget.ImageButton[@content-desc=&quot;Drawer Opened&quot;]
}" type="org.openqa.selenium.NoSuchElementException">org.openqa.selenium.NoSuchElementException: An element could not be located on the page using the given search parameters. (WARNING: The server did not provide any stacktrace information)
Command duration or timeout: 11.04 seconds
For documentation on this error, please visit: http://seleniumhq.org/exceptions/no_such_element.html
Build info: version: &apos;2.53.1&apos;, revision: &apos;a36b8b1cd5757287168e54b817830adce9b0158d&apos;, time: &apos;2016-06-30 19:26:09&apos;
System info: host: &apos;Muhtasims-MBP.fios-router.home&apos;, ip: &apos;192.168.1.170&apos;, os.name: &apos;Mac OS X&apos;, os.arch: &apos;x86_64&apos;, os.version: &apos;10.14.4&apos;, java.version: &apos;1.8.0_201&apos;
Driver info: io.appium.java_client.android.AndroidDriver
Capabilities [{app=/Users/muhtasimmahir/IdeaProjects/Mobile_Automation/ABC/app/abc.apk, appPackage=com.abc.abcnews, deviceScreenSize=720x1280, networkConnectionEnabled=true, noReset=true, warnings={}, appWaitPackage=com.abc.abcnews, appWaitActivity=com.abc.abcnews.ui.StartActivity, databaseEnabled=false, deviceName=emulator-5556, platform=LINUX, deviceUDID=emulator-5556, appActivity=com.abc.abcnews.ui.StartActivity, desired={app=/Users/muhtasimmahir/IdeaProjects/Mobile_Automation/ABC/app/abc.apk, noReset=true, platformVersion=9, platformName=Android, deviceName=Android Emulator}, platformVersion=9, webStorageEnabled=false, locationContextEnabled=false, takesScreenshot=true, javascriptEnabled=true, deviceModel=Android SDK built for x86, platformName=Android, deviceManufacturer=Google}]
Session ID: 33d35a4f-04bc-47f2-8654-4c5f9414e506
*** Element info: {Using=xpath, value=//android.widget.ImageButton[@content-desc=&quot;Drawer Opened&quot;]
}
	at sun.reflect.NativeConstructorAccessorImpl.newInstance0(Native Method)
	at sun.reflect.NativeConstructorAccessorImpl.newInstance(NativeConstructorAccessorImpl.java:62)
	at sun.reflect.DelegatingConstructorAccessorImpl.newInstance(DelegatingConstructorAccessorImpl.java:45)
	at java.lang.reflect.Constructor.newInstance(Constructor.java:423)
	at org.openqa.selenium.remote.ErrorHandler.createThrowable(ErrorHandler.java:206)
	at org.openqa.selenium.remote.ErrorHandler.throwIfResponseFailed(ErrorHandler.java:158)
	at org.openqa.selenium.remote.RemoteWebDriver.execute(RemoteWebDriver.java:678)
	at io.appium.java_client.DefaultGenericMobileDriver.execute(DefaultGenericMobileDriver.java:40)
	at io.appium.java_client.AppiumDriver.execute(AppiumDriver.java:1)
	at io.appium.java_client.android.AndroidDriver.execute(AndroidDriver.java:1)
	at org.openqa.selenium.remote.RemoteWebDriver.findElement(RemoteWebDriver.java:363)
	at io.appium.java_client.DefaultGenericMobileDriver.findElement(DefaultGenericMobileDriver.java:56)
	at io.appium.java_client.AppiumDriver.findElement(AppiumDriver.java:1)
	at io.appium.java_client.android.AndroidDriver.findElement(AndroidDriver.java:1)
	at org.openqa.selenium.remote.RemoteWebDriver.findElementByXPath(RemoteWebDriver.java:500)
	at io.appium.java_client.DefaultGenericMobileDriver.findElementByXPath(DefaultGenericMobileDriver.java:134)
	at io.appium.java_client.AppiumDriver.findElementByXPath(AppiumDriver.java:1)
	at io.appium.java_client.android.AndroidDriver.findElementByXPath(AndroidDriver.java:1)
	at org.openqa.selenium.By$ByXPath.findElement(By.java:361)
	at org.openqa.selenium.remote.RemoteWebDriver.findElement(RemoteWebDriver.java:355)
	at io.appium.java_client.DefaultGenericMobileDriver.findElement(DefaultGenericMobileDriver.java:52)
	at io.appium.java_client.AppiumDriver.findElement(AppiumDriver.java:1)
	at io.appium.java_client.android.AndroidDriver.findElement(AndroidDriver.java:1)
	at org.openqa.selenium.support.pagefactory.DefaultElementLocator.findElement(DefaultElementLocator.java:69)
	at org.openqa.selenium.support.pagefactory.internal.LocatingElementHandler.invoke(LocatingElementHandler.java:38)
	at com.sun.proxy.$Proxy10.click(Unknown Source)
	at home.HomePage.clickMenu(HomePage.java:13)
	at pages.HomePageTest.clickMeniButton(HomePageTest.java:19)
</failure>
    <system-out>Configuring TestNG with: org.apache.maven.surefire.testng.conf.TestNG652Configurator@3339ad8e
Extent Report Directory/Users/muhtasimmahir/IdeaProjects/Mobile_Automation/ABC/target/surefire-reports/html
</system-out>
    <system-err>Apr 12, 2019 12:44:06 AM com.relevantcodes.extentreports.ExtentReports loadConfig
WARNING: Unable to perform report configuration. The file /Users/muhtasimmahir/IdeaProjects/Mobile_Automation/ABC/report-config.xml was not found.
</system-err>
  </testcase>
  <testcase classname="pages.MenuOptionTest" name="clickTop" time="10.553">
    <failure message="An element could not be located on the page using the given search parameters. (WARNING: The server did not provide any stacktrace information)
Command duration or timeout: 10.55 seconds
For documentation on this error, please visit: http://seleniumhq.org/exceptions/no_such_element.html
Build info: version: &apos;2.53.1&apos;, revision: &apos;a36b8b1cd5757287168e54b817830adce9b0158d&apos;, time: &apos;2016-06-30 19:26:09&apos;
System info: host: &apos;Muhtasims-MBP.fios-router.home&apos;, ip: &apos;192.168.1.170&apos;, os.name: &apos;Mac OS X&apos;, os.arch: &apos;x86_64&apos;, os.version: &apos;10.14.4&apos;, java.version: &apos;1.8.0_201&apos;
Driver info: io.appium.java_client.android.AndroidDriver
Capabilities [{app=/Users/muhtasimmahir/IdeaProjects/Mobile_Automation/ABC/app/abc.apk, appPackage=com.abc.abcnews, deviceScreenSize=720x1280, networkConnectionEnabled=true, noReset=true, warnings={}, appWaitPackage=com.abc.abcnews, appWaitActivity=com.abc.abcnews.ui.StartActivity, databaseEnabled=false, deviceName=emulator-5556, platform=LINUX, deviceUDID=emulator-5556, appActivity=com.abc.abcnews.ui.StartActivity, desired={app=/Users/muhtasimmahir/IdeaProjects/Mobile_Automation/ABC/app/abc.apk, noReset=true, platformVersion=9, platformName=Android, deviceName=Android Emulator}, platformVersion=9, webStorageEnabled=false, locationContextEnabled=false, takesScreenshot=true, javascriptEnabled=true, deviceModel=Android SDK built for x86, platformName=Android, deviceManufacturer=Google}]
Session ID: 10927e24-749d-49dc-9065-646aa1d8256e
*** Element info: {Using=xpath, value=//android.widget.ImageButton[@content-desc=&quot;Drawer Opened&quot;]
}" type="org.openqa.selenium.NoSuchElementException">org.openqa.selenium.NoSuchElementException: An element could not be located on the page using the given search parameters. (WARNING: The server did not provide any stacktrace information)
Command duration or timeout: 10.55 seconds
For documentation on this error, please visit: http://seleniumhq.org/exceptions/no_such_element.html
Build info: version: &apos;2.53.1&apos;, revision: &apos;a36b8b1cd5757287168e54b817830adce9b0158d&apos;, time: &apos;2016-06-30 19:26:09&apos;
System info: host: &apos;Muhtasims-MBP.fios-router.home&apos;, ip: &apos;192.168.1.170&apos;, os.name: &apos;Mac OS X&apos;, os.arch: &apos;x86_64&apos;, os.version: &apos;10.14.4&apos;, java.version: &apos;1.8.0_201&apos;
Driver info: io.appium.java_client.android.AndroidDriver
Capabilities [{app=/Users/muhtasimmahir/IdeaProjects/Mobile_Automation/ABC/app/abc.apk, appPackage=com.abc.abcnews, deviceScreenSize=720x1280, networkConnectionEnabled=true, noReset=true, warnings={}, appWaitPackage=com.abc.abcnews, appWaitActivity=com.abc.abcnews.ui.StartActivity, databaseEnabled=false, deviceName=emulator-5556, platform=LINUX, deviceUDID=emulator-5556, appActivity=com.abc.abcnews.ui.StartActivity, desired={app=/Users/muhtasimmahir/IdeaProjects/Mobile_Automation/ABC/app/abc.apk, noReset=true, platformVersion=9, platformName=Android, deviceName=Android Emulator}, platformVersion=9, webStorageEnabled=false, locationContextEnabled=false, takesScreenshot=true, javascriptEnabled=true, deviceModel=Android SDK built for x86, platformName=Android, deviceManufacturer=Google}]
Session ID: 10927e24-749d-49dc-9065-646aa1d8256e
*** Element info: {Using=xpath, value=//android.widget.ImageButton[@content-desc=&quot;Drawer Opened&quot;]
}
	at sun.reflect.NativeConstructorAccessorImpl.newInstance0(Native Method)
	at sun.reflect.NativeConstructorAccessorImpl.newInstance(NativeConstructorAccessorImpl.java:62)
	at sun.reflect.DelegatingConstructorAccessorImpl.newInstance(DelegatingConstructorAccessorImpl.java:45)
	at java.lang.reflect.Constructor.newInstance(Constructor.java:423)
	at org.openqa.selenium.remote.ErrorHandler.createThrowable(ErrorHandler.java:206)
	at org.openqa.selenium.remote.ErrorHandler.throwIfResponseFailed(ErrorHandler.java:158)
	at org.openqa.selenium.remote.RemoteWebDriver.execute(RemoteWebDriver.java:678)
	at io.appium.java_client.DefaultGenericMobileDriver.execute(DefaultGenericMobileDriver.java:40)
	at io.appium.java_client.AppiumDriver.execute(AppiumDriver.java:1)
	at io.appium.java_client.android.AndroidDriver.execute(AndroidDriver.java:1)
	at org.openqa.selenium.remote.RemoteWebDriver.findElement(RemoteWebDriver.java:363)
	at io.appium.java_client.DefaultGenericMobileDriver.findElement(DefaultGenericMobileDriver.java:56)
	at io.appium.java_client.AppiumDriver.findElement(AppiumDriver.java:1)
	at io.appium.java_client.android.AndroidDriver.findElement(AndroidDriver.java:1)
	at org.openqa.selenium.remote.RemoteWebDriver.findElementByXPath(RemoteWebDriver.java:500)
	at io.appium.java_client.DefaultGenericMobileDriver.findElementByXPath(DefaultGenericMobileDriver.java:134)
	at io.appium.java_client.AppiumDriver.findElementByXPath(AppiumDriver.java:1)
	at io.appium.java_client.android.AndroidDriver.findElementByXPath(AndroidDriver.java:1)
	at org.openqa.selenium.By$ByXPath.findElement(By.java:361)
	at org.openqa.selenium.remote.RemoteWebDriver.findElement(RemoteWebDriver.java:355)
	at io.appium.java_client.DefaultGenericMobileDriver.findElement(DefaultGenericMobileDriver.java:52)
	at io.appium.java_client.AppiumDriver.findElement(AppiumDriver.java:1)
	at io.appium.java_client.android.AndroidDriver.findElement(AndroidDriver.java:1)
	at org.openqa.selenium.support.pagefactory.DefaultElementLocator.findElement(DefaultElementLocator.java:69)
	at org.openqa.selenium.support.pagefactory.internal.LocatingElementHandler.invoke(LocatingElementHandler.java:38)
	at com.sun.proxy.$Proxy10.click(Unknown Source)
	at home.MenuOptions.clickTopStories(MenuOptions.java:15)
	at pages.MenuOptionTest.clickTop(MenuOptionTest.java:19)
</failure>
  </testcase>
  <testcase classname="pages.PopUpTest" name="closePopUp" time="10.994">
    <failure message="An element could not be located on the page using the given search parameters. (WARNING: The server did not provide any stacktrace information)
Command duration or timeout: 10.99 seconds
For documentation on this error, please visit: http://seleniumhq.org/exceptions/no_such_element.html
Build info: version: &apos;2.53.1&apos;, revision: &apos;a36b8b1cd5757287168e54b817830adce9b0158d&apos;, time: &apos;2016-06-30 19:26:09&apos;
System info: host: &apos;Muhtasims-MBP.fios-router.home&apos;, ip: &apos;192.168.1.170&apos;, os.name: &apos;Mac OS X&apos;, os.arch: &apos;x86_64&apos;, os.version: &apos;10.14.4&apos;, java.version: &apos;1.8.0_201&apos;
Driver info: io.appium.java_client.android.AndroidDriver
Capabilities [{app=/Users/muhtasimmahir/IdeaProjects/Mobile_Automation/ABC/app/abc.apk, appPackage=com.abc.abcnews, deviceScreenSize=720x1280, networkConnectionEnabled=true, noReset=true, warnings={}, appWaitPackage=com.abc.abcnews, appWaitActivity=com.abc.abcnews.ui.StartActivity, databaseEnabled=false, deviceName=emulator-5556, platform=LINUX, deviceUDID=emulator-5556, appActivity=com.abc.abcnews.ui.StartActivity, desired={app=/Users/muhtasimmahir/IdeaProjects/Mobile_Automation/ABC/app/abc.apk, noReset=true, platformVersion=9, platformName=Android, deviceName=Android Emulator}, platformVersion=9, webStorageEnabled=false, locationContextEnabled=false, takesScreenshot=true, javascriptEnabled=true, deviceModel=Android SDK built for x86, platformName=Android, deviceManufacturer=Google}]
Session ID: a4c5e16e-68a8-44f3-b6de-6f11f81a6674
*** Element info: {Using=xpath, value=/hierarchy/android.widget.FrameLayout/android.widget.FrameLayout/android.widget.FrameLayout/android.widget.LinearLayout/android.widget.ScrollView/android.widget.LinearLayout/android.widget.Button
}" type="org.openqa.selenium.NoSuchElementException">org.openqa.selenium.NoSuchElementException: An element could not be located on the page using the given search parameters. (WARNING: The server did not provide any stacktrace information)
Command duration or timeout: 10.99 seconds
For documentation on this error, please visit: http://seleniumhq.org/exceptions/no_such_element.html
Build info: version: &apos;2.53.1&apos;, revision: &apos;a36b8b1cd5757287168e54b817830adce9b0158d&apos;, time: &apos;2016-06-30 19:26:09&apos;
System info: host: &apos;Muhtasims-MBP.fios-router.home&apos;, ip: &apos;192.168.1.170&apos;, os.name: &apos;Mac OS X&apos;, os.arch: &apos;x86_64&apos;, os.version: &apos;10.14.4&apos;, java.version: &apos;1.8.0_201&apos;
Driver info: io.appium.java_client.android.AndroidDriver
Capabilities [{app=/Users/muhtasimmahir/IdeaProjects/Mobile_Automation/ABC/app/abc.apk, appPackage=com.abc.abcnews, deviceScreenSize=720x1280, networkConnectionEnabled=true, noReset=true, warnings={}, appWaitPackage=com.abc.abcnews, appWaitActivity=com.abc.abcnews.ui.StartActivity, databaseEnabled=false, deviceName=emulator-5556, platform=LINUX, deviceUDID=emulator-5556, appActivity=com.abc.abcnews.ui.StartActivity, desired={app=/Users/muhtasimmahir/IdeaProjects/Mobile_Automation/ABC/app/abc.apk, noReset=true, platformVersion=9, platformName=Android, deviceName=Android Emulator}, platformVersion=9, webStorageEnabled=false, locationContextEnabled=false, takesScreenshot=true, javascriptEnabled=true, deviceModel=Android SDK built for x86, platformName=Android, deviceManufacturer=Google}]
Session ID: a4c5e16e-68a8-44f3-b6de-6f11f81a6674
*** Element info: {Using=xpath, value=/hierarchy/android.widget.FrameLayout/android.widget.FrameLayout/android.widget.FrameLayout/android.widget.LinearLayout/android.widget.ScrollView/android.widget.LinearLayout/android.widget.Button
}
	at sun.reflect.NativeConstructorAccessorImpl.newInstance0(Native Method)
	at sun.reflect.NativeConstructorAccessorImpl.newInstance(NativeConstructorAccessorImpl.java:62)
	at sun.reflect.DelegatingConstructorAccessorImpl.newInstance(DelegatingConstructorAccessorImpl.java:45)
	at java.lang.reflect.Constructor.newInstance(Constructor.java:423)
	at org.openqa.selenium.remote.ErrorHandler.createThrowable(ErrorHandler.java:206)
	at org.openqa.selenium.remote.ErrorHandler.throwIfResponseFailed(ErrorHandler.java:158)
	at org.openqa.selenium.remote.RemoteWebDriver.execute(RemoteWebDriver.java:678)
	at io.appium.java_client.DefaultGenericMobileDriver.execute(DefaultGenericMobileDriver.java:40)
	at io.appium.java_client.AppiumDriver.execute(AppiumDriver.java:1)
	at io.appium.java_client.android.AndroidDriver.execute(AndroidDriver.java:1)
	at org.openqa.selenium.remote.RemoteWebDriver.findElement(RemoteWebDriver.java:363)
	at io.appium.java_client.DefaultGenericMobileDriver.findElement(DefaultGenericMobileDriver.java:56)
	at io.appium.java_client.AppiumDriver.findElement(AppiumDriver.java:1)
	at io.appium.java_client.android.AndroidDriver.findElement(AndroidDriver.java:1)
	at org.openqa.selenium.remote.RemoteWebDriver.findElementByXPath(RemoteWebDriver.java:500)
	at io.appium.java_client.DefaultGenericMobileDriver.findElementByXPath(DefaultGenericMobileDriver.java:134)
	at io.appium.java_client.AppiumDriver.findElementByXPath(AppiumDriver.java:1)
	at io.appium.java_client.android.AndroidDriver.findElementByXPath(AndroidDriver.java:1)
	at org.openqa.selenium.By$ByXPath.findElement(By.java:361)
	at org.openqa.selenium.remote.RemoteWebDriver.findElement(RemoteWebDriver.java:355)
	at io.appium.java_client.DefaultGenericMobileDriver.findElement(DefaultGenericMobileDriver.java:52)
	at io.appium.java_client.AppiumDriver.findElement(AppiumDriver.java:1)
	at io.appium.java_client.android.AndroidDriver.findElement(AndroidDriver.java:1)
	at org.openqa.selenium.support.pagefactory.DefaultElementLocator.findElement(DefaultElementLocator.java:69)
	at org.openqa.selenium.support.pagefactory.internal.LocatingElementHandler.invoke(LocatingElementHandler.java:38)
	at com.sun.proxy.$Proxy10.click(Unknown Source)
	at home.PopUp.closeAD(PopUp.java:15)
	at pages.PopUpTest.closePopUp(PopUpTest.java:20)
</failure>
  </testcase>
</testsuite>