<?xml version="1.0" encoding="UTF-8"?>
<testng-results skipped="0" failed="0" total="0" passed="0">
  <reporter-output>
    <line>
      <![CDATA[Extent Report Directory/Users/muhtasimmahir/IdeaProjects/Mobile_Automation/ABC/target/surefire-reports/html]]>
    </line>
  </reporter-output>
  <suite name="pages.MainPageTest" duration-ms="1" started-at="2019-04-11T19:18:57Z" finished-at="2019-04-11T19:18:57Z">
    <groups>
    </groups>
    <test name="Command line test" duration-ms="1" started-at="2019-04-11T19:18:57Z" finished-at="2019-04-11T19:18:57Z">
      <class name="pages.MainPageTest">
        <test-method status="PASS" signature="extentSetup(org.testng.ITestContext)[pri:0, instance:pages.MainPageTest@59f99ea]" name="extentSetup" is-config="true" duration-ms="176" started-at="2019-04-11T15:18:57Z" finished-at="2019-04-11T15:18:57Z">
          <params>
            <param index="0">
              <value>
                <![CDATA[org.testng.TestRunner@2d3379b4]]>
              </value>
            </param>
          </params>
          <reporter-output>
            <line>
              <![CDATA[Extent Report Directory/Users/muhtasimmahir/IdeaProjects/Mobile_Automation/ABC/target/surefire-reports/html]]>
            </line>
          </reporter-output>
        </test-method> <!-- extentSetup -->
        <test-method status="PASS" signature="generateReport()[pri:0, instance:pages.MainPageTest@59f99ea]" name="generateReport" is-config="true" duration-ms="140" started-at="2019-04-11T15:18:57Z" finished-at="2019-04-11T15:18:57Z">
          <reporter-output>
          </reporter-output>
        </test-method> <!-- generateReport -->
      </class> <!-- pages.MainPageTest -->
    </test> <!-- Command line test -->
  </suite> <!-- pages.MainPageTest -->
</testng-results>
