<?xml version="1.0" encoding="UTF-8"?>
<testng-results skipped="1" failed="0" total="1" passed="0">
  <reporter-output>
    <line>
      <![CDATA[Extent Report Directory/Users/muhtasimmahir/IdeaProjects/Mobile_Automation/UICatalog/target/surefire-reports/html]]>
    </line>
  </reporter-output>
  <suite name="tests.CatalogPageTest" duration-ms="1308" started-at="2019-04-12T04:41:21Z" finished-at="2019-04-12T04:41:22Z">
    <groups>
    </groups>
    <test name="Command line test" duration-ms="1308" started-at="2019-04-12T04:41:21Z" finished-at="2019-04-12T04:41:22Z">
      <class name="tests.CatalogPageTest">
        <test-method status="PASS" signature="extentSetup(org.testng.ITestContext)[pri:0, instance:tests.CatalogPageTest@d8355a8]" name="extentSetup" is-config="true" duration-ms="225" started-at="2019-04-12T00:41:21Z" finished-at="2019-04-12T00:41:21Z">
          <params>
            <param index="0">
              <value>
                <![CDATA[org.testng.TestRunner@5efa40fe]]>
              </value>
            </param>
          </params>
          <reporter-output>
            <line>
              <![CDATA[Extent Report Directory/Users/muhtasimmahir/IdeaProjects/Mobile_Automation/UICatalog/target/surefire-reports/html]]>
            </line>
          </reporter-output>
        </test-method> <!-- extentSetup -->
        <test-method status="FAIL" signature="setUp(java.lang.String, java.lang.String, java.lang.String, java.lang.String, java.lang.String, java.lang.String, java.lang.String)[pri:0, instance:tests.CatalogPageTest@d8355a8]" name="setUp" is-config="true" duration-ms="0" started-at="2019-04-12T00:41:21Z" finished-at="2019-04-12T00:41:21Z">
          <params>
            <param index="0">
              <value>
                <![CDATA[Android]]>
              </value>
            </param>
            <param index="1">
              <value>
                <![CDATA[Phone]]>
              </value>
            </param>
            <param index="2">
              <value>
                <![CDATA[Emulator]]>
              </value>
            </param>
            <param index="3">
              <value>
                <![CDATA[Android Emulator]]>
              </value>
            </param>
            <param index="4">
              <value>
                <![CDATA[9]]>
              </value>
            </param>
            <param index="5">
              <value>
                <![CDATA[app]]>
              </value>
            </param>
            <param index="6">
              <value>
                <![CDATA[abc.apk]]>
              </value>
            </param>
          </params>
          <exception class="org.openqa.selenium.WebDriverException">
            <message>
              <![CDATA[An unknown server-side error occurred while processing the command. Original error: The application at '/Users/muhtasimmahir/IdeaProjects/Mobile_Automation/UICatalog/app/abc.apk' does not exist or is not accessible (WARNING: The server did not provide any stacktrace information)
Command duration or timeout: 679 milliseconds
Build info: version: '2.53.1', revision: 'a36b8b1cd5757287168e54b817830adce9b0158d', time: '2016-06-30 19:26:09'
System info: host: 'Muhtasims-MBP.fios-router.home', ip: '192.168.1.170', os.name: 'Mac OS X', os.arch: 'x86_64', os.version: '10.14.4', java.version: '1.8.0_201'
Driver info: io.appium.java_client.android.AndroidDriver]]>
            </message>
            <full-stacktrace>
              <![CDATA[org.openqa.selenium.WebDriverException: An unknown server-side error occurred while processing the command. Original error: The application at '/Users/muhtasimmahir/IdeaProjects/Mobile_Automation/UICatalog/app/abc.apk' does not exist or is not accessible (WARNING: The server did not provide any stacktrace information)
Command duration or timeout: 679 milliseconds
Build info: version: '2.53.1', revision: 'a36b8b1cd5757287168e54b817830adce9b0158d', time: '2016-06-30 19:26:09'
System info: host: 'Muhtasims-MBP.fios-router.home', ip: '192.168.1.170', os.name: 'Mac OS X', os.arch: 'x86_64', os.version: '10.14.4', java.version: '1.8.0_201'
Driver info: io.appium.java_client.android.AndroidDriver
	at sun.reflect.NativeConstructorAccessorImpl.newInstance0(Native Method)
	at sun.reflect.NativeConstructorAccessorImpl.newInstance(NativeConstructorAccessorImpl.java:62)
	at sun.reflect.DelegatingConstructorAccessorImpl.newInstance(DelegatingConstructorAccessorImpl.java:45)
	at java.lang.reflect.Constructor.newInstance(Constructor.java:423)
	at org.openqa.selenium.remote.ErrorHandler.createThrowable(ErrorHandler.java:206)
	at org.openqa.selenium.remote.ErrorHandler.throwIfResponseFailed(ErrorHandler.java:158)
	at org.openqa.selenium.remote.RemoteWebDriver.execute(RemoteWebDriver.java:678)
	at io.appium.java_client.DefaultGenericMobileDriver.execute(DefaultGenericMobileDriver.java:40)
	at io.appium.java_client.AppiumDriver.execute(AppiumDriver.java:1)
	at io.appium.java_client.android.AndroidDriver.execute(AndroidDriver.java:1)
	at org.openqa.selenium.remote.RemoteWebDriver.startSession(RemoteWebDriver.java:249)
	at org.openqa.selenium.remote.RemoteWebDriver.<init>(RemoteWebDriver.java:131)
	at org.openqa.selenium.remote.RemoteWebDriver.<init>(RemoteWebDriver.java:144)
	at io.appium.java_client.DefaultGenericMobileDriver.<init>(DefaultGenericMobileDriver.java:36)
	at io.appium.java_client.AppiumDriver.<init>(AppiumDriver.java:114)
	at io.appium.java_client.AppiumDriver.<init>(AppiumDriver.java:132)
	at io.appium.java_client.android.AndroidDriver.<init>(AndroidDriver.java:92)
	at main.MainAPI.setUp(MainAPI.java:188)
	at sun.reflect.NativeMethodAccessorImpl.invoke0(Native Method)
	at sun.reflect.NativeMethodAccessorImpl.invoke(NativeMethodAccessorImpl.java:62)
	at sun.reflect.DelegatingMethodAccessorImpl.invoke(DelegatingMethodAccessorImpl.java:43)
	at java.lang.reflect.Method.invoke(Method.java:498)
	at org.testng.internal.MethodInvocationHelper.invokeMethod(MethodInvocationHelper.java:85)
	at org.testng.internal.Invoker.invokeConfigurationMethod(Invoker.java:510)
	at org.testng.internal.Invoker.invokeConfigurations(Invoker.java:211)
	at org.testng.internal.Invoker.invokeMethod(Invoker.java:585)
	at org.testng.internal.Invoker.invokeTestMethod(Invoker.java:821)
	at org.testng.internal.Invoker.invokeTestMethods(Invoker.java:1131)
	at org.testng.internal.TestMethodWorker.invokeTestMethods(TestMethodWorker.java:124)
	at org.testng.internal.TestMethodWorker.run(TestMethodWorker.java:108)
	at org.testng.TestRunner.privateRun(TestRunner.java:773)
	at org.testng.TestRunner.run(TestRunner.java:623)
	at org.testng.SuiteRunner.runTest(SuiteRunner.java:357)
	at org.testng.SuiteRunner.runSequentially(SuiteRunner.java:352)
	at org.testng.SuiteRunner.privateRun(SuiteRunner.java:310)
	at org.testng.SuiteRunner.run(SuiteRunner.java:259)
	at org.testng.SuiteRunnerWorker.runSuite(SuiteRunnerWorker.java:52)
	at org.testng.SuiteRunnerWorker.run(SuiteRunnerWorker.java:86)
	at org.testng.TestNG.runSuitesSequentially(TestNG.java:1185)
	at org.testng.TestNG.runSuitesLocally(TestNG.java:1110)
	at org.testng.TestNG.run(TestNG.java:1018)
	at org.apache.maven.surefire.testng.TestNGExecutor.run(TestNGExecutor.java:77)
	at org.apache.maven.surefire.testng.TestNGDirectoryTestSuite.execute(TestNGDirectoryTestSuite.java:110)
	at org.apache.maven.surefire.testng.TestNGProvider.invoke(TestNGProvider.java:106)
	at sun.reflect.NativeMethodAccessorImpl.invoke0(Native Method)
	at sun.reflect.NativeMethodAccessorImpl.invoke(NativeMethodAccessorImpl.java:62)
	at sun.reflect.DelegatingMethodAccessorImpl.invoke(DelegatingMethodAccessorImpl.java:43)
	at java.lang.reflect.Method.invoke(Method.java:498)
	at org.apache.maven.surefire.util.ReflectionUtils.invokeMethodWithArray(ReflectionUtils.java:189)
	at org.apache.maven.surefire.booter.ProviderFactory$ProviderProxy.invoke(ProviderFactory.java:165)
	at org.apache.maven.surefire.booter.ProviderFactory.invokeProvider(ProviderFactory.java:85)
	at org.apache.maven.surefire.booter.ForkedBooter.runSuitesInProcess(ForkedBooter.java:115)
	at org.apache.maven.surefire.booter.ForkedBooter.main(ForkedBooter.java:75)
]]>
            </full-stacktrace>
          </exception> <!-- org.openqa.selenium.WebDriverException -->
          <reporter-output>
          </reporter-output>
        </test-method> <!-- setUp -->
        <test-method status="SKIP" signature="startExtent(java.lang.reflect.Method)[pri:0, instance:tests.CatalogPageTest@d8355a8]" name="startExtent" is-config="true" duration-ms="0" started-at="2019-04-12T00:41:22Z" finished-at="2019-04-12T00:41:22Z">
          <reporter-output>
          </reporter-output>
        </test-method> <!-- startExtent -->
        <test-method status="SKIP" signature="clickButtonTest()[pri:0, instance:tests.CatalogPageTest@d8355a8]" name="clickButtonTest" duration-ms="1" started-at="2019-04-12T00:41:22Z" finished-at="2019-04-12T00:41:22Z">
          <reporter-output>
          </reporter-output>
        </test-method> <!-- clickButtonTest -->
        <test-method status="SKIP" signature="initialize()[pri:0, instance:tests.CatalogPageTest@d8355a8]" name="initialize" is-config="true" duration-ms="0" started-at="2019-04-12T00:41:22Z" finished-at="2019-04-12T00:41:22Z">
          <reporter-output>
          </reporter-output>
        </test-method> <!-- initialize -->
        <test-method status="SKIP" signature="afterEachTestMethod(org.testng.ITestResult)[pri:0, instance:tests.CatalogPageTest@d8355a8]" name="afterEachTestMethod" is-config="true" duration-ms="0" started-at="2019-04-12T00:41:22Z" finished-at="2019-04-12T00:41:22Z">
          <reporter-output>
          </reporter-output>
        </test-method> <!-- afterEachTestMethod -->
        <test-method status="SKIP" signature="cleanUpApp()[pri:0, instance:tests.CatalogPageTest@d8355a8]" name="cleanUpApp" is-config="true" duration-ms="0" started-at="2019-04-12T00:41:22Z" finished-at="2019-04-12T00:41:22Z">
          <reporter-output>
          </reporter-output>
        </test-method> <!-- cleanUpApp -->
        <test-method status="SKIP" signature="generateReport()[pri:0, instance:tests.CatalogPageTest@d8355a8]" name="generateReport" is-config="true" duration-ms="0" started-at="2019-04-12T00:41:22Z" finished-at="2019-04-12T00:41:22Z">
          <reporter-output>
          </reporter-output>
        </test-method> <!-- generateReport -->
      </class> <!-- tests.CatalogPageTest -->
    </test> <!-- Command line test -->
  </suite> <!-- tests.CatalogPageTest -->
</testng-results>
